[2019-07-20 19:16:13] (ERROR @ C:\domains\cspanel.ru\core\components\pdotools\model\pdotools\pdotools.class.php : 582) Template head_meta.tpl not found in file:templates/megason.ru/base.tpl line 4, near '{include 'file:head_meta.tpl'' <- there
[2019-07-20 19:16:13] (ERROR @ C:\domains\cspanel.ru\core\components\pdotools\model\pdotools\pdotools.class.php : 582) Template head_meta.tpl not found in file:templates/megason.ru/base.tpl line 4, near '{include 'file:head_meta.tpl'' <- there
[2019-07-20 19:16:51] (ERROR @ C:\domains\cspanel.ru\core\components\pdotools\model\pdotools\pdotools.class.php : 582) Template head_meta.tpl not found in file:templates/megason.ru/base.tpl line 4, near '{include 'file:head_meta.tpl'' <- there
[2019-07-20 19:16:51] (ERROR @ C:\domains\cspanel.ru\core\components\pdotools\model\pdotools\pdotools.class.php : 582) Template head_meta.tpl not found in file:templates/megason.ru/base.tpl line 4, near '{include 'file:head_meta.tpl'' <- there
[2019-07-20 19:18:26] (ERROR @ C:\domains\cspanel.ru\core\model\modx\modcachemanager.class.php : 349) Error caching lexicon topic lexicon/en/clientconfig/default
[2019-07-20 19:18:26] (ERROR @ C:\domains\cspanel.ru\core\xpdo\xpdo.class.php : 644) Could not load class: pdofetch from pdotools.pdofetch.
[2019-07-20 19:18:26] (ERROR @ C:\domains\cspanel.ru\core\xpdo\xpdo.class.php : 1247) Problem getting service pdoFetch, instance of class pdotools.pdofetch, from path 
[2019-07-20 19:18:36] (ERROR @ C:\domains\cspanel.ru\core\components\pdotools\model\pdotools\pdotools.class.php : 582) Template head_meta.tpl not found in file:templates/megason.ru/base.tpl line 4, near '{include 'file:head_meta.tpl'' <- there
[2019-07-20 19:18:36] (ERROR @ C:\domains\cspanel.ru\core\components\pdotools\model\pdotools\pdotools.class.php : 582) Template head_meta.tpl not found in file:templates/megason.ru/base.tpl line 4, near '{include 'file:head_meta.tpl'' <- there
[2019-07-20 19:19:12] (ERROR @ C:\domains\cspanel.ru\core\components\pdotools\model\pdotools\pdotools.class.php : 582) Template head_meta.tpl not found in file:templates/megason.ru/base.tpl line 4, near '{include 'file:head_meta.tpl'' <- there
[2019-07-20 19:19:12] (ERROR @ C:\domains\cspanel.ru\core\components\pdotools\model\pdotools\pdotools.class.php : 582) Template head_meta.tpl not found in file:templates/megason.ru/base.tpl line 4, near '{include 'file:head_meta.tpl'' <- there
[2019-07-20 19:19:42] (ERROR @ C:\domains\cspanel.ru\core\components\pdotools\model\pdotools\pdotools.class.php : 582) Template head_meta.tpl not found in file:templates/megason.ru/base.tpl line 4, near '{include 'file:head_meta.tpl'' <- there
[2019-07-20 19:19:42] (ERROR @ C:\domains\cspanel.ru\core\components\pdotools\model\pdotools\pdotools.class.php : 582) Template head_meta.tpl not found in file:templates/megason.ru/base.tpl line 4, near '{include 'file:head_meta.tpl'' <- there
[2019-07-20 19:42:30] (ERROR @ C:\domains\cspanel.ru\core\model\modx\modcachemanager.class.php : 514) Error caching script elements/modplugin/9
[2019-07-20 19:56:40] (ERROR @ C:\domains\cspanel.ru\core\model\modx\modcachemanager.class.php : 399) Error caching action map mgr/actions
[2019-07-20 20:33:46] (ERROR @ C:\domains\cspanel.ru\core\model\modx\modcachemanager.class.php : 514) Error caching script elements/modplugin/1
[2019-07-20 20:33:46] (ERROR @ C:\domains\cspanel.ru\core\model\modx\modcachemanager.class.php : 514) Error caching script elements/modplugin/9
[2019-07-20 22:37:27] (ERROR @ C:\domains\cspanel.ru\core\model\modx\modcachemanager.class.php : 349) Error caching lexicon topic lexicon/en/clientconfig/default
[2019-07-20 23:01:25] (ERROR @ C:\domains\cspanel.ru\core\model\modx\modcachemanager.class.php : 349) Error caching lexicon topic lexicon/ru/clientconfig/default
[2019-07-20 23:01:40] (ERROR @ C:\domains\cspanel.ru\core\model\modx\modcachemanager.class.php : 514) Error caching script elements/modplugin/5
[2019-07-20 23:01:40] (ERROR @ C:\domains\cspanel.ru\core\model\modx\modcachemanager.class.php : 349) Error caching lexicon topic lexicon/en/clientconfig/default
[2019-07-20 23:03:15] (ERROR @ C:\domains\cspanel.ru\core\model\modx\modcachemanager.class.php : 349) Error caching lexicon topic lexicon/en/clientconfig/default
[2019-07-20 23:16:02] (ERROR in xPDO::getService @ C:\domains\cspanel.ru\core\xpdo\xpdo.class.php : 1234) modRestClient::__construct is deprecated since version 2.3.0. Use the modRest classes instead.
[2019-07-20 23:16:02] (ERROR in xPDO::getService @ C:\domains\cspanel.ru\core\xpdo\xpdo.class.php : 1234) modRestClient::__construct is deprecated since version 2.3.0. Use the modRest classes instead.
[2019-07-20 23:16:02] (ERROR in modRestCurlClient::__construct @ C:\domains\cspanel.ru\core\model\modx\rest\modrestcurlclient.class.php : 26) modRestClient::__construct is deprecated since version 2.3.0. Use the modRest classes instead.
[2019-07-20 23:16:02] (ERROR in modRestCurlClient::__construct @ C:\domains\cspanel.ru\core\model\modx\rest\modrestcurlclient.class.php : 26) modRestClient::__construct is deprecated since version 2.3.0. Use the modRest classes instead.
[2019-07-20 23:16:02] (ERROR in xPDO::getService @ C:\domains\cspanel.ru\core\xpdo\xpdo.class.php : 1234) modRestClient::__construct is deprecated since version 2.3.0. Use the modRest classes instead.
[2019-07-20 23:16:02] (ERROR in modRestCurlClient::__construct @ C:\domains\cspanel.ru\core\model\modx\rest\modrestcurlclient.class.php : 26) modRestClient::__construct is deprecated since version 2.3.0. Use the modRest classes instead.
[2019-07-20 23:16:18] (ERROR in xPDO::getService @ C:\domains\cspanel.ru\core\xpdo\xpdo.class.php : 1234) modRestClient::__construct is deprecated since version 2.3.0. Use the modRest classes instead.
[2019-07-20 23:16:18] (ERROR in modRestCurlClient::__construct @ C:\domains\cspanel.ru\core\model\modx\rest\modrestcurlclient.class.php : 26) modRestClient::__construct is deprecated since version 2.3.0. Use the modRest classes instead.
[2019-07-20 23:16:19] (ERROR in xPDO::getService @ C:\domains\cspanel.ru\core\xpdo\xpdo.class.php : 1234) modRestClient::__construct is deprecated since version 2.3.0. Use the modRest classes instead.
[2019-07-20 23:16:19] (ERROR in xPDO::getService @ C:\domains\cspanel.ru\core\xpdo\xpdo.class.php : 1234) modRestClient::__construct is deprecated since version 2.3.0. Use the modRest classes instead.
[2019-07-20 23:16:19] (ERROR in modRestCurlClient::__construct @ C:\domains\cspanel.ru\core\model\modx\rest\modrestcurlclient.class.php : 26) modRestClient::__construct is deprecated since version 2.3.0. Use the modRest classes instead.
[2019-07-20 23:16:19] (ERROR in modRestCurlClient::__construct @ C:\domains\cspanel.ru\core\model\modx\rest\modrestcurlclient.class.php : 26) modRestClient::__construct is deprecated since version 2.3.0. Use the modRest classes instead.
[2019-07-20 23:16:27] (ERROR in xPDO::getService @ C:\domains\cspanel.ru\core\xpdo\xpdo.class.php : 1234) modRestClient::__construct is deprecated since version 2.3.0. Use the modRest classes instead.
[2019-07-20 23:16:27] (ERROR in modRestCurlClient::__construct @ C:\domains\cspanel.ru\core\model\modx\rest\modrestcurlclient.class.php : 26) modRestClient::__construct is deprecated since version 2.3.0. Use the modRest classes instead.
[2019-07-20 23:17:26] (ERROR in xPDO::getService @ C:\domains\cspanel.ru\core\xpdo\xpdo.class.php : 1234) modRestClient::__construct is deprecated since version 2.3.0. Use the modRest classes instead.
[2019-07-20 23:17:26] (ERROR in modRestCurlClient::__construct @ C:\domains\cspanel.ru\core\model\modx\rest\modrestcurlclient.class.php : 26) modRestClient::__construct is deprecated since version 2.3.0. Use the modRest classes instead.
[2019-07-20 23:17:30] (ERROR in xPDO::getService @ C:\domains\cspanel.ru\core\xpdo\xpdo.class.php : 1234) modRestClient::__construct is deprecated since version 2.3.0. Use the modRest classes instead.
[2019-07-20 23:17:30] (ERROR in modRestCurlClient::__construct @ C:\domains\cspanel.ru\core\model\modx\rest\modrestcurlclient.class.php : 26) modRestClient::__construct is deprecated since version 2.3.0. Use the modRest classes instead.
[2019-07-20 23:17:41] (ERROR in xPDO::getService @ C:\domains\cspanel.ru\core\xpdo\xpdo.class.php : 1234) modRestClient::__construct is deprecated since version 2.3.0. Use the modRest classes instead.
[2019-07-20 23:17:41] (ERROR in modRestCurlClient::__construct @ C:\domains\cspanel.ru\core\model\modx\rest\modrestcurlclient.class.php : 26) modRestClient::__construct is deprecated since version 2.3.0. Use the modRest classes instead.
[2019-07-20 23:17:41] (ERROR in xPDO::getService @ C:\domains\cspanel.ru\core\xpdo\xpdo.class.php : 1234) modRestClient::__construct is deprecated since version 2.3.0. Use the modRest classes instead.
[2019-07-20 23:17:41] (ERROR in modRestCurlClient::__construct @ C:\domains\cspanel.ru\core\model\modx\rest\modrestcurlclient.class.php : 26) modRestClient::__construct is deprecated since version 2.3.0. Use the modRest classes instead.
[2019-07-20 23:17:59] (ERROR in xPDO::getService @ C:\domains\cspanel.ru\core\xpdo\xpdo.class.php : 1234) modRestClient::__construct is deprecated since version 2.3.0. Use the modRest classes instead.
[2019-07-20 23:17:59] (ERROR in modRestCurlClient::__construct @ C:\domains\cspanel.ru\core\model\modx\rest\modrestcurlclient.class.php : 26) modRestClient::__construct is deprecated since version 2.3.0. Use the modRest classes instead.
